<?xml version="1.0" encoding="UTF-8"?>
<testsuite xmlns:xsi="http://www.w3.org/2001/XMLSchema-instance" xsi:schemaLocation="https://maven.apache.org/surefire/maven-surefire-plugin/xsd/surefire-test-report.xsd" name="MyRunner.TestRunner" time="139.047" tests="13" errors="0" skipped="0" failures="0">
  <properties>
[...]
</properties>
  <testcase name="runScenario" classname="MyRunner.TestRunner" time="7.207"/>
  <testcase name="runScenario" classname="MyRunner.TestRunner" time="5.576"/>
  <testcase name="runScenario" classname="MyRunner.TestRunner" time="5.268"/>
  <testcase name="runScenario" classname="MyRunner.TestRunner" time="4.891"/>
  <testcase name="runScenario" classname="MyRunner.TestRunner" time="5.167"/>
  <testcase name="runScenario" classname="MyRunner.TestRunner" time="10.588"/>
  <testcase name="runScenario" classname="MyRunner.TestRunner" time="11.235"/>
  <testcase name="runScenario" classname="MyRunner.TestRunner" time="12.531"/>
  <testcase name="runScenario" classname="MyRunner.TestRunner" time="14.029"/>
  <testcase name="runScenario" classname="MyRunner.TestRunner" time="11.064"/>
  <testcase name="runScenario" classname="MyRunner.TestRunner" time="11.36"/>
  <testcase name="runScenario" classname="MyRunner.TestRunner" time="8.481"/>
  <testcase name="runScenario" classname="MyRunner.TestRunner" time="30.549"/>
</testsuite>